"../../../../../Content_UE4/game_Ugario/Content/1aaa/BP/MyControllerAndroid.uasset" 0
"../../../../../Content_UE4/game_Ugario/Content/1aaa/Maps/Menu/48983_play-icon-png.uasset" 1
"../../../../../Content_UE4/game_Ugario/Content/1aaa/Maps/Menu/blockerBody.uasset" 2
"../../../../../Content_UE4/game_Ugario/Content/1aaa/Maps/Menu/blockerBody_2.uasset" 3
"../../../../../Content_UE4/game_Ugario/Content/1aaa/Maps/Menu/blockerBody_3.uasset" 4
"../../../../../Content_UE4/game_Ugario/Content/1aaa/Maps/Menu/img_106369.uasset" 5
"../../../../../Content_UE4/game_Ugario/Content/1aaa/Maps/Menu/img_173056.uasset" 6
"../../../../../Content_UE4/game_Ugario/Content/1aaa/Maps/Menu/steampunk-gear-clipart-pink-129183-6497987.uasset" 7
"../../../../../Content_UE4/game_Ugario/Content/1aaa/Mob/png/snailWalk1.uasset" 8
"../../../../../Content_UE4/game_Ugario/Content/1aaa/Mob/png/walk1.uasset" 9
"../../../../../Content_UE4/game_Ugario/Content/1aaa/Mob/png/DeathMob.uasset" 10
"../../../../../Content_UE4/game_Ugario/Content/1aaa/Mob/png/snailWalk2.uasset" 11
"../../../../../Content_UE4/game_Ugario/Content/1aaa/Mob/Mob-TimeLine.uasset" 12
"../../../../../Content_UE4/game_Ugario/Content/1aaa/Objects/NewBlueprint.uasset" 13
"../../Plugins/2D/Paper2D/Content/PlaceholderTextures/DummySpriteTexture.uasset" 14
"../../Plugins/2D/Paper2D/Content/DummySpriteTexture.uasset" 15
"../../Plugins/2D/Paper2D/Content/DefaultSpriteMaterial.uasset" 16
"../../Plugins/2D/Paper2D/Content/TranslucentUnlitSpriteMaterial.uasset" 17
"../../../../../Content_UE4/game_Ugario/Content/1aaa/Objects/Decor/signExit_Sprite.uasset" 18
"../../../../../Content_UE4/game_Ugario/Content/1aaa/Objects/signExit_Sprite.uasset" 19
"../../../../../Content_UE4/game_Ugario/Content/1aaa/Objects/Decor/signRight_Sprite.uasset" 20
"../../../../../Content_UE4/game_Ugario/Content/1aaa/Objects/signRight_Sprite.uasset" 21
"../../../../../Content_UE4/game_Ugario/Content/1aaa/Objects/box/png/boxAlt.uasset" 22
"../../../../../Content_UE4/game_Ugario/Content/1aaa/Objects/box/sprite/boxAlt_Sprite.uasset" 23
"../../../../../Content_UE4/game_Ugario/Content/1aaa/Objects/box/boxAlt_Sprite.uasset" 24
"../../../../../Content_UE4/game_Ugario/Content/1aaa/Objects/Decor/hud_keyBlue_Sprite.uasset" 25
"../../../../../Content_UE4/game_Ugario/Content/1aaa/Objects/Decor/door/door_openMid.uasset" 26
"../../../../../Content_UE4/game_Ugario/Content/1aaa/Objects/Decor/door/door_openTop.uasset" 27
"../../../../../Content_UE4/game_Ugario/Content/1aaa/Objects/Decor/png/bush.uasset" 28
"../../../../../Content_UE4/game_Ugario/Content/1aaa/Objects/Decor/png/cactus.uasset" 29
"../../../../../Content_UE4/game_Ugario/Content/1aaa/Objects/Decor/png/coinGold.uasset" 30
"../../../../../Content_UE4/game_Ugario/Content/1aaa/Objects/Decor/png/hud_keyBlue.uasset" 31
"../../../../../Content_UE4/game_Ugario/Content/1aaa/Objects/Decor/png/keyBlue.uasset" 32
"../../../../../Content_UE4/game_Ugario/Content/1aaa/Objects/Decor/png/mushroomBrown.uasset" 33
"../../../../../Content_UE4/game_Ugario/Content/1aaa/Objects/Decor/png/mushroomRed.uasset" 34
"../../../../../Content_UE4/game_Ugario/Content/1aaa/Objects/Decor/png/plant.uasset" 35
"../../../../../Content_UE4/game_Ugario/Content/1aaa/Objects/Decor/png/rock.uasset" 36
"../../../../../Content_UE4/game_Ugario/Content/1aaa/Objects/Decor/png/signExit.uasset" 37
"../../../../../Content_UE4/game_Ugario/Content/1aaa/Objects/Decor/png/signRight.uasset" 38
"../../../../../Content_UE4/game_Ugario/Content/1aaa/Objects/health/transparent-pixel-heart-4.uasset" 39
"../../../../../Content_UE4/game_Ugario/Content/1aaa/Platform/1_Grass/png/grassLeft.uasset" 40
"../../../../../Content_UE4/game_Ugario/Content/1aaa/Platform/1_Grass/png/grassMid.uasset" 41
"../../../../../Content_UE4/game_Ugario/Content/1aaa/Platform/1_Grass/png/grassRight.uasset" 42
"../../../../../Content_UE4/game_Ugario/Content/1aaa/Platform/layer/png/castleHalfLeft.uasset" 43
"../../../../../Content_UE4/game_Ugario/Content/1aaa/Platform/layer/png/castleHalfMid.uasset" 44
"../../../../../Content_UE4/game_Ugario/Content/1aaa/Platform/layer/png/castleHalfRight.uasset" 45
"../../../../../Content_UE4/game_Ugario/Content/1aaa/Player/frames/p1_death.uasset" 46
"../../../../../Content_UE4/game_Ugario/Content/1aaa/Player/frames/p1_stand.uasset" 47
"../../../../../Content_UE4/game_Ugario/Content/1aaa/Player/frames/jump_and_priz/p1_jump.uasset" 48
"../../../../../Content_UE4/game_Ugario/Content/1aaa/Player/frames/walk/png/p1_walk01.uasset" 49
"../../../../../Content_UE4/game_Ugario/Content/1aaa/Player/frames/walk/sprite/walk-1.uasset" 50
"../../../Engine/Content/EditorBlueprintResources/StandardMacros.uasset" 51
"../../../Engine/Content/BasicShapes/BasicShapeMaterial.uasset" 52
"../../../Engine/Content/Functions/Engine_MaterialFunctions01/Opacity/CameraDepthFade.uasset" 53
"../../../Engine/Content/EngineMaterials/T_Default_Material_Grid_M.uasset" 54
"../../../Engine/Content/EngineMaterials/T_Default_Material_Grid_N.uasset" 55
"../../../Engine/Content/EngineMaterials/WorldGridMaterial.uasset" 56
"../../../Engine/Content/BasicShapes/Cube.uasset" 57
"../../../../../Content_UE4/game_Ugario/Content/1aaa/Player/frames/p1_death_Sprite.uasset" 58
"../../../../../Content_UE4/game_Ugario/Content/1aaa/Player/frames/Death.uasset" 59
"../../../../../Content_UE4/game_Ugario/Content/1aaa/Player/frames/jump_and_priz/p1_jump_Sprite.uasset" 60
"../../../../../Content_UE4/game_Ugario/Content/1aaa/Player/frames/jump_and_priz/jump_flip.uasset" 61
"../../../../../Content_UE4/game_Ugario/Content/1aaa/Player/frames/stand.uasset" 62
"../../../../../Content_UE4/game_Ugario/Content/1aaa/Player/frames/stannd.uasset" 63
"../../../../../Content_UE4/game_Ugario/Content/1aaa/Player/frames/walk/png/p1_walk10.uasset" 64
"../../../../../Content_UE4/game_Ugario/Content/1aaa/Player/frames/walk/sprite/walk-1_10.uasset" 65
"../../../../../Content_UE4/game_Ugario/Content/1aaa/Player/frames/walk/png/p1_walk11.uasset" 66
"../../../../../Content_UE4/game_Ugario/Content/1aaa/Player/frames/walk/sprite/walk-1_11.uasset" 67
"../../../../../Content_UE4/game_Ugario/Content/1aaa/Player/frames/walk/png/p1_walk02.uasset" 68
"../../../../../Content_UE4/game_Ugario/Content/1aaa/Player/frames/walk/sprite/walk-1_2.uasset" 69
"../../../../../Content_UE4/game_Ugario/Content/1aaa/Player/frames/walk/png/p1_walk03.uasset" 70
"../../../../../Content_UE4/game_Ugario/Content/1aaa/Player/frames/walk/sprite/walk-1_3.uasset" 71
"../../../../../Content_UE4/game_Ugario/Content/1aaa/Player/frames/walk/png/p1_walk04.uasset" 72
"../../../../../Content_UE4/game_Ugario/Content/1aaa/Player/frames/walk/sprite/walk-1_4.uasset" 73
"../../../../../Content_UE4/game_Ugario/Content/1aaa/Player/frames/walk/png/p1_walk05.uasset" 74
"../../../../../Content_UE4/game_Ugario/Content/1aaa/Player/frames/walk/sprite/walk-1_5.uasset" 75
"../../../../../Content_UE4/game_Ugario/Content/1aaa/Player/frames/walk/png/p1_walk06.uasset" 76
"../../../../../Content_UE4/game_Ugario/Content/1aaa/Player/frames/walk/sprite/walk-1_6.uasset" 77
"../../../../../Content_UE4/game_Ugario/Content/1aaa/Player/frames/walk/png/p1_walk07.uasset" 78
"../../../../../Content_UE4/game_Ugario/Content/1aaa/Player/frames/walk/sprite/walk-1_7.uasset" 79
"../../../../../Content_UE4/game_Ugario/Content/1aaa/Player/frames/walk/png/p1_walk08.uasset" 80
"../../../../../Content_UE4/game_Ugario/Content/1aaa/Player/frames/walk/sprite/walk-1_8.uasset" 81
"../../../../../Content_UE4/game_Ugario/Content/1aaa/Player/frames/walk/png/p1_walk09.uasset" 82
"../../../../../Content_UE4/game_Ugario/Content/1aaa/Player/frames/walk/sprite/walk-1_9.uasset" 83
"../../../../../Content_UE4/game_Ugario/Content/1aaa/Player/frames/walk/walk-2.uasset" 84
"../../../../../Content_UE4/game_Ugario/Content/1aaa/UGM/Death_Respawn.uasset" 85
"../../../../../Content_UE4/game_Ugario/Content/1aaa/UGM/GameComplete.uasset" 86
"../../../../../Content_UE4/game_Ugario/Content/1aaa/Maps/Menu/48983_play-icon-png_Sprite.uasset" 87
"../../../../../Content_UE4/game_Ugario/Content/1aaa/Maps/Menu/blockerBody_2_Sprite.uasset" 88
"../../../../../Content_UE4/game_Ugario/Content/1aaa/Maps/Menu/blockerBody_3_Sprite.uasset" 89
"../../../../../Content_UE4/game_Ugario/Content/1aaa/Maps/Menu/blockerBody_Sprite.uasset" 90
"../../../../../Content_UE4/game_Ugario/Content/1aaa/Maps/Menu/img_106369_Sprite.uasset" 91
"../../../../../Content_UE4/game_Ugario/Content/1aaa/Maps/Menu/steampunk-gear-clipart-pink-129183-6497987_Sprite.uasset" 92
"../../../../../Content_UE4/game_Ugario/Content/1aaa/UGM/MainMenu.uasset" 93
"../../../../../Content_UE4/game_Ugario/Content/1aaa/Maps/Menu/img_173056_Sprite.uasset" 94
"../../../../../Content_UE4/game_Ugario/Content/1aaa/Objects/health/transparent-pixel-heart-4_Sprite.uasset" 95
"../../../../../Content_UE4/game_Ugario/Content/1aaa/UGM/UGMforPC.uasset" 96
"../../../../../Content_UE4/game_Ugario/Content/1aaa/Player/MyPers.uasset" 97
"../../../../../Content_UE4/game_Ugario/Content/1aaa/UGM/MyUGMforAndroid.uasset" 98
"../../../Engine/Content/Animation/DefaultAnimCurveCompressionSettings.uasset" 99
"../../../Engine/Content/ArtTools/RenderToTexture/Meshes/S_1_Unit_Plane.uasset" 100
"../../../Engine/Content/EngineMaterials/DefaultMaterial.uasset" 101
"../../../Engine/Content/BasicShapes/Cone.uasset" 102
"../../../Engine/Content/BasicShapes/Cylinder.uasset" 103
"../../../Engine/Content/BasicShapes/Plane.uasset" 104
"../../../Engine/Content/BasicShapes/Sphere.uasset" 105
"../../../Engine/Content/EditorLandscapeResources/DataLayer.uasset" 106
"../../../Engine/Content/EditorMaterials/MAT_Groups_Toggle.uasset" 107
"../../../Engine/Content/EditorMaterials/MAT_Groups_Visibility.uasset" 108
"../../../Engine/Content/EditorMaterials/PreviewShadowIndicator.uasset" 109
"../../../Engine/Content/EditorMaterials/PreviewShadowIndicatorMaterial.uasset" 110
"../../../Engine/Content/EditorMaterials/MatineeGroups/MAT_ColorTrack.uasset" 111
"../../../Engine/Content/EditorMaterials/MatineeGroups/MAT_Groups_Anim.uasset" 112
"../../../Engine/Content/EditorMaterials/MatineeGroups/MAT_Groups_AudioMaster.uasset" 113
"../../../Engine/Content/EditorMaterials/MatineeGroups/MAT_Groups_Director.uasset" 114
"../../../Engine/Content/EditorMaterials/MatineeGroups/MAT_Groups_Event.uasset" 115
"../../../Engine/Content/EditorMaterials/MatineeGroups/MAT_Groups_Fade.uasset" 116
"../../../Engine/Content/EditorMaterials/MatineeGroups/MAT_Groups_Float.uasset" 117
"../../../Engine/Content/EditorMaterials/MatineeGroups/MAT_Groups_Move.uasset" 118
"../../../Engine/Content/EditorMaterials/MatineeGroups/MAT_Groups_Slomo.uasset" 119
"../../../Engine/Content/EditorMaterials/MatineeGroups/MAT_Groups_Sound.uasset" 120
"../../../Engine/Content/EditorMaterials/MatineeGroups/MAT_Groups_Vector.uasset" 121
"../../../Engine/Content/EditorMaterials/ParticleSystems/PSysThumbnail_NoImage.uasset" 122
"../../../Engine/Content/EditorMaterials/ParticleSystems/PSysThumbnail_OOD.uasset" 123
"../../../Engine/Content/EditorMaterials/Camera/CineMat.uasset" 124
"../../../Engine/Content/EditorMaterials/Camera/MI_CineMat_Rig.uasset" 125
"../../../Engine/Content/EditorMeshes/Camera/SM_CraneRig_Arm.uasset" 126
"../../../Engine/Content/EditorMeshes/Camera/SM_CraneRig_Base.uasset" 127
"../../../Engine/Content/EditorMeshes/Camera/SM_CraneRig_Body.uasset" 128
"../../../Engine/Content/EditorMeshes/Camera/SM_CraneRig_Mount.uasset" 129
"../../../Engine/Content/EditorMeshes/Camera/SM_RailRig_Mount.uasset" 130
"../../../Engine/Content/EditorMeshes/Camera/SM_RailRig_Track.uasset" 131
"../../../Engine/Content/EditorResources/BSPVertex.uasset" 132
"../../../Engine/Content/EditorResources/EmptyActor.uasset" 133
"../../../Engine/Content/EditorResources/S_Actor.uasset" 134
"../../../Engine/Content/EditorResources/S_Note.uasset" 135
"../../../Engine/Content/EditorResources/S_Solver.uasset" 136
"../../../Engine/Content/EditorResources/S_Trigger.uasset" 137
"../../../Engine/Content/EditorResources/SequenceRecorder/Countdown.uasset" 138
"../../../Engine/Content/EditorResources/SequenceRecorder/RecordingIndicator.uasset" 139
"../../../Engine/Content/EditorSounds/Notifications/CompileFailed.uasset" 140
"../../../Engine/Content/EditorSounds/Notifications/CompileFailed_Cue.uasset" 141
"../../../Engine/Content/EditorSounds/Notifications/CompileSuccess.uasset" 142
"../../../Engine/Content/EditorSounds/Notifications/CompileStart_Cue.uasset" 143
"../../../Engine/Content/EditorSounds/Notifications/CompileSuccess_Cue.uasset" 144
"../../../Engine/Content/EngineDamageTypes/DmgTypeBP_Environmental.uasset" 145
"../../../Engine/Content/EngineDebugMaterials/DebugEditorMaterial.uasset" 146
"../../../Engine/Content/EngineDebugMaterials/DebugMeshMaterial.uasset" 147
"../../../Engine/Content/EngineDebugMaterials/M_SimpleTranslucent.uasset" 148
"../../../Engine/Content/Functions/Engine_MaterialFunctions02/Utility/CameraDirectionVector.uasset" 149
"../../../Engine/Content/EngineDebugMaterials/VolumeToRender.uasset" 150
"../../../Engine/Content/EngineDebugMaterials/M_VolumeRenderSphereTracePP.uasset" 151
"../../../Engine/Content/EngineDebugMaterials/WireframeMaterial.uasset" 152
"../../../Engine/Content/EngineFonts/Faces/DroidSansFallback.uasset" 153
"../../../Engine/Content/EngineFonts/Faces/RobotoBold.uasset" 154
"../../../Engine/Content/EngineFonts/Faces/RobotoBoldItalic.uasset" 155
"../../../Engine/Content/EngineFonts/Faces/RobotoItalic.uasset" 156
"../../../Engine/Content/EngineFonts/Faces/RobotoLight.uasset" 157
"../../../Engine/Content/EngineFonts/Faces/RobotoRegular.uasset" 158
"../../../Engine/Content/EngineFonts/Roboto.uasset" 159
"../../../Engine/Content/EngineMaterials/BaseFlattenDiffuseMap.uasset" 160
"../../../Engine/Content/EngineMaterials/BaseFlattenEmissiveMap.uasset" 161
"../../../Engine/Content/EngineMaterials/BaseFlattenGrayscaleMap.uasset" 162
"../../../Engine/Content/EngineMaterials/BaseFlattenNormalMap.uasset" 163
"../../../Engine/Content/EngineMaterials/BaseFlattenMaterial.uasset" 164
"../../../Engine/Content/EngineMaterials/BlueNoise.uasset" 165
"../../../Engine/Content/EngineMaterials/DefaultBloomKernel.uasset" 166
"../../../Engine/Content/EngineMaterials/DefaultBokeh.uasset" 167
"../../../Engine/Content/EngineMaterials/DefaultDiffuse.uasset" 168
"../../../Engine/Content/EngineMaterials/DefaultDeferredDecalMaterial.uasset" 169
"../../../Engine/Content/EngineMaterials/DefaultLightFunctionMaterial.uasset" 170
"../../../Engine/Content/EngineMaterials/DefaultPhysicalMaterial.uasset" 171
"../../../Engine/Content/Functions/Engine_MaterialFunctions02/Utility/BreakOutFloat2Components.uasset" 172
"../../../Engine/Content/EngineMaterials/DefaultPostProcessMaterial.uasset" 173
"../../../Engine/Content/EngineFonts/RobotoDistanceField.uasset" 174
"../../../Engine/Content/EngineMaterials/DefaultTextMaterialOpaque.uasset" 175
"../../../Engine/Content/EngineMaterials/DefaultVirtualTextureMaterial.uasset" 176
"../../../Engine/Content/EngineMaterials/DefaultWhiteGrid.uasset" 177
"../../../Engine/Content/EngineMaterials/DefaultWhiteGrid_Low.uasset" 178
"../../../Engine/Content/EngineMaterials/EmissiveMeshMaterial.uasset" 179
"../../../Engine/Content/EngineMaterials/GizmoMaterial.uasset" 180
"../../../Engine/Content/EngineMaterials/Good64x64TilingNoiseHighFreq.uasset" 181
"../../../Engine/Content/EngineMaterials/HairDefaultMaterial.uasset" 182
"../../../Engine/Content/EngineMaterials/MiniFont.uasset" 183
"../../../Engine/Content/EngineMaterials/InvalidLightmapSettings.uasset" 184
"../../../Engine/Content/EngineMaterials/M_InvalidLightmapSettings.uasset" 185
"../../../Engine/Content/Functions/Engine_MaterialFunctions02/WorldPositionOffset/CameraOffset.uasset" 186
"../../../Engine/Content/EngineMaterials/PhAT_JointLimitMaterial.uasset" 187
"../../../Engine/Content/EngineMaterials/PreintegratedSkinBRDF.uasset" 188
"../../../Engine/Content/EngineMaterials/RemoveSurfaceMaterial.uasset" 189
"../../../Engine/Content/EngineMaterials/WeightMapPlaceholderTexture.uasset" 190
"../../../Engine/Content/EngineResources/WhiteSquareTexture.uasset" 191
"../../../Engine/Content/EngineMaterials/Widget3DPassThrough.uasset" 192
"../../../Engine/Content/EngineMaterials/Widget3DPassThrough_Masked.uasset" 193
"../../../Engine/Content/EngineMaterials/Widget3DPassThrough_Opaque.uasset" 194
"../../../Engine/Content/EngineMaterials/Widget3DPassThrough_Masked_OneSided.uasset" 195
"../../../Engine/Content/EngineMaterials/Widget3DPassThrough_Opaque_OneSided.uasset" 196
"../../../Engine/Content/EngineMaterials/Widget3DPassThrough_Translucent.uasset" 197
"../../../Engine/Content/EngineMaterials/Widget3DPassThrough_Translucent_OneSided.uasset" 198
"../../../Engine/Content/EngineMeshes/Cylinder.uasset" 199
"../../../Engine/Content/EngineMeshes/Sphere.uasset" 200
"../../../Engine/Content/EngineResources/Black.uasset" 201
"../../../Engine/Content/EngineResources/DefaultTexture.uasset" 202
"../../../Engine/Content/EngineResources/DefaultTextureCube.uasset" 203
"../../../Engine/Content/EngineResources/DefaultVolumeTexture2D.uasset" 204
"../../../Engine/Content/EngineResources/DefaultVolumeTexture.uasset" 205
"../../../Engine/Content/EngineResources/GradientTexture0.uasset" 206
"../../../Engine/Content/EngineSounds/Master.uasset" 207
"../../../Engine/Content/Functions/Engine_MaterialFunctions01/Shading/ConvertFromDiffSpec.uasset" 208
"../../../Engine/Content/Functions/Engine_MaterialFunctions01/Shading/PowerToRoughness.uasset" 209
"../../../Engine/Content/Maps/Templates/Thumbnails/Default.uasset" 210
"../../../Engine/Content/Maps/Templates/Thumbnails/TimeOfDay.uasset" 211
"../../../Engine/Content/Maps/Templates/Thumbnails/VR-Basic.uasset" 212
"../../../Engine/Content/MobileResources/T_MobileControls_texture.uasset" 213
"../../../Engine/Content/MobileResources/T_MobileMenu2.uasset" 214
"../../../Engine/Content/MobileResources/HUD/AnalogHat.uasset" 215
"../../../Engine/Content/MobileResources/HUD/VirtualJoystick_Background.uasset" 216
"../../../Engine/Content/MobileResources/HUD/VirtualJoystick_Thumb.uasset" 217
"../../../Engine/Content/MobileResources/HUD/DefaultVirtualJoysticks.uasset" 218
"../../../Engine/Content/MobileResources/HUD/LeftVirtualJoystickOnly.uasset" 219
"../../../Engine/Content/MobileResources/HUD/MobileHUDButton1_off.uasset" 220
"../../../Engine/Content/MobileResources/HUD/MobileHUDButton1_on.uasset" 221
"../../../Engine/Content/MobileResources/HUD/MobileHUDButton2_off.uasset" 222
"../../../Engine/Content/MobileResources/HUD/MobileHUDButton2_on.uasset" 223
"../../../Engine/Content/MobileResources/HUD/MobileHUDButton3.uasset" 224
"../../../Engine/Content/MobileResources/HUD/MobileHUDButtonFire.uasset" 225
"../../../Engine/Content/MobileResources/HUD/MobileHUDDirectionPad.uasset" 226
"../../../Engine/Content/MobileResources/HUD/MobileHUDDirectionPad2.uasset" 227
"../../../Engine/Content/MobileResources/HUD/MobileHUDDirectionPad3.uasset" 228
"../../../Engine/Content/MobileResources/HUD/MobileHUDDirectionStick.uasset" 229
"../../../Engine/Content/MobileResources/HUD/T_Castle_ThumbstickInner.uasset" 230
"../../../Engine/Content/MobileResources/HUD/T_Castle_ThumbstickOutter.uasset" 231
"../../../Engine/Content/Tutorial/ContentIntroCurve.uasset" 232
"../../../Engine/Content/Tutorial/Basics/LevelEditorAttract.uasset" 233
"../../../Engine/Content/Tutorial/Basics/TutorialAssets/icon_tab_Levels_40x.uasset" 234
"../../../Engine/Content/Tutorial/Basics/LevelEditorOverview.uasset" 235
"../../../Engine/Content/Tutorial/BlueprintTutorials/TutorialAssets/Blueprint_64x.uasset" 236
"../../../Engine/Content/Tutorial/BlueprintTutorials/BlueprintEditorTutorial.uasset" 237
"../../../Engine/Content/Tutorial/Landscape/TutorialAssets/Landscape.uasset" 238
"../../../Engine/Content/Tutorial/Landscape/LandscapeWalkThrough.uasset" 239
"../../../Engine/Content/Tutorial/Landscape/Landscape_Manage_Mode.uasset" 240
"../../../Engine/Content/Tutorial/Landscape/Landscape_Painting_Mode.uasset" 241
"../../../Engine/Content/Tutorial/Landscape/Landscape_Sculpt_Mode.uasset" 242
"../../../Engine/Content/VREditor/LaserPointer/VR_LaserPower_01.uasset" 243
"../../../Engine/Content/VREditor/TransformGizmo/TransformGizmoMaterial.uasset" 244
"../../../Engine/Content/VREditor/TransformGizmo/TranslucentTransformGizmoMaterial.uasset" 245
"../../../Engine/Content/VREditor/TransformGizmo/BoundingBoxCorner.uasset" 246
"../../../Engine/Content/VREditor/TransformGizmo/BoundingBoxEdge.uasset" 247
"../../../Engine/Content/VREditor/TransformGizmo/PlaneTranslationHandle.uasset" 248
"../../../Engine/Content/VREditor/TransformGizmo/Main.uasset" 249
"../../../Engine/Content/VREditor/TransformGizmo/Xray.uasset" 250
"../../../Engine/Content/VREditor/TransformGizmo/SM_Sequencer_Key.uasset" 251
"../../../Engine/Content/VREditor/TransformGizmo/SM_Sequencer_Node.uasset" 252
"../../Plugins/2D/Paper2D/Content/DummySprite.uasset" 253
"../../Plugins/2D/Paper2D/Content/DefaultPaperTerrainMaterial.uasset" 254
"../../Plugins/2D/Paper2D/Content/MaskedUnlitSpriteMaterial.uasset" 255
"../../Plugins/2D/Paper2D/Content/OpaqueUnlitSpriteMaterial.uasset" 256
"../../../Engine/Content/EngineResources/Cursors/Arrow.uasset" 257
"../../Plugins/Media/PixelStreaming/Content/DefaultCursor.uasset" 258
"../../Plugins/Media/PixelStreaming/Content/TextEditBeamTexture.uasset" 259
"../../Plugins/Media/PixelStreaming/Content/TextEditBeamCursor.uasset" 260
"../../../Engine/Content/Functions/Engine_MaterialFunctions02/Utility/BreakOutFloat4Components.uasset" 261
"../../../Engine/Content/Functions/Engine_MaterialFunctions02/Utility/MakeFloat2.uasset" 262
"../../../Engine/Content/Functions/Engine_MaterialFunctions02/Utility/MakeFloat3.uasset" 263
"../../Plugins/Runtime/Oculus/OculusVR/Content/Materials/OculusMR_ChromaKey.uasset" 264
"../../Plugins/Runtime/Oculus/OculusVR/Content/Materials/OculusMR_ChromaKey_Lit.uasset" 265
"../../Plugins/Runtime/Oculus/OculusVR/Content/Materials/OculusMR_OpaqueColoredMaterial.uasset" 266
"../../Plugins/Runtime/Oculus/OculusVR/Content/Materials/OculusMR_WhiteMaterial.uasset" 267
"../../../../../Content_UE4/game_Ugario/Content/1aaa/BP/Menu.uasset" 268
"../../../../../Content_UE4/game_Ugario/Content/1aaa/BP/MenuGM.uasset" 269
"../../../../../Content_UE4/game_Ugario/Content/1aaa/Maps/Menu/NewBlueprint.uasset" 270
"../../../../../Content_UE4/game_Ugario/Content/1aaa/Maps/MainMenu_BuiltData.uasset" 271
"../../../../../Content_UE4/game_Ugario/Content/1aaa/Maps/MainMenu.umap" 272
"../../../../../Content_UE4/game_Ugario/Content/1aaa/Platform/layer/Cl.uasset" 273
"../../../../../Content_UE4/game_Ugario/Content/1aaa/Platform/layer/LL.uasset" 274
"../../../../../Content_UE4/game_Ugario/Content/1aaa/Platform/layer/RL.uasset" 275
"../../../../../Content_UE4/game_Ugario/Content/1aaa/Platform/LayerBP.uasset" 276
"../../../../../Content_UE4/game_Ugario/Content/1aaa/BP/CompleteBox_Blueprint.uasset" 277
"../../../../../Content_UE4/game_Ugario/Content/1aaa/BP/DeathTrigger.uasset" 278
"../../../../../Content_UE4/game_Ugario/Content/1aaa/BP/ControllerPC.uasset" 279
"../../../../../Content_UE4/game_Ugario/Content/1aaa/BP/MyGame.uasset" 280
"../../../../../Content_UE4/game_Ugario/Content/1aaa/Mob/Mob-TimeLine_2.uasset" 281
"../../../../../Content_UE4/game_Ugario/Content/1aaa/Mob/png/snailWalk2_Sprite.uasset" 282
"../../../../../Content_UE4/game_Ugario/Content/1aaa/Mob/png/snailWalkAnim.uasset" 283
"../../../../../Content_UE4/game_Ugario/Content/1aaa/Mob/mob_1.uasset" 284
"../../../../../Content_UE4/game_Ugario/Content/1aaa/Mob/mob_2.uasset" 285
"../../../../../Content_UE4/game_Ugario/Content/1aaa/Objects/box/png/boxEmpty.uasset" 286
"../../../../../Content_UE4/game_Ugario/Content/1aaa/Objects/box/sprite/box.uasset" 287
"../../../../../Content_UE4/game_Ugario/Content/1aaa/Objects/box/box-BP.uasset" 288
"../../../../../Content_UE4/game_Ugario/Content/1aaa/Objects/health/HpObj.uasset" 289
"../../../../../Content_UE4/game_Ugario/Content/1aaa/Objects/box/png/boxItemAlt.uasset" 290
"../../../../../Content_UE4/game_Ugario/Content/1aaa/Objects/box/sprite/secret_box.uasset" 291
"../../../../../Content_UE4/game_Ugario/Content/1aaa/Objects/box/SecretBox-BP.uasset" 292
"../../../../../Content_UE4/game_Ugario/Content/1aaa/Objects/Decor/keyBlue_Sprite.uasset" 293
"../../../../../Content_UE4/game_Ugario/Content/1aaa/Objects/KeyBp.uasset" 294
"../../../../../Content_UE4/game_Ugario/Content/1aaa/Objects/box/SecretBox-BP_key.uasset" 295
"../../../../../Content_UE4/game_Ugario/Content/1aaa/Objects/Decor/door/door_closedMid.uasset" 296
"../../../../../Content_UE4/game_Ugario/Content/1aaa/Objects/Decor/door/door_closedMid_Sprite.uasset" 297
"../../../../../Content_UE4/game_Ugario/Content/1aaa/Objects/Decor/door/door_closedTop.uasset" 298
"../../../../../Content_UE4/game_Ugario/Content/1aaa/Objects/Decor/door/door_closedTop_Sprite.uasset" 299
"../../../../../Content_UE4/game_Ugario/Content/1aaa/Objects/Decor/door/door_openMid_Sprite.uasset" 300
"../../../../../Content_UE4/game_Ugario/Content/1aaa/Objects/Decor/door/door_openTop_Sprite.uasset" 301
"../../../../../Content_UE4/game_Ugario/Content/1aaa/Objects/Decor/door/DoorBp.uasset" 302
"../../../../../Content_UE4/game_Ugario/Content/1aaa/Platform/LayerBpTimeLine.uasset" 303
"../../../../../Content_UE4/game_Ugario/Content/1aaa/Maps/UgarioLevel_BuiltData.uasset" 304
"../../../Engine/Content/MapTemplates/Bokeh_5Sides.uasset" 305
"../../../Engine/Content/MapTemplates/T_ScreenDirt02_w.uasset" 306
"../../../../../Content_UE4/game_Ugario/Content/1aaa/BG/second/471a08fc76dc51e61d8cc160a70f3448.uasset" 307
"../../../../../Content_UE4/game_Ugario/Content/1aaa/BG/second/bg.uasset" 308
"../../../../../Content_UE4/game_Ugario/Content/1aaa/Objects/Decor/bush_Sprite.uasset" 309
"../../../../../Content_UE4/game_Ugario/Content/1aaa/Objects/Decor/cactus_Sprite.uasset" 310
"../../../../../Content_UE4/game_Ugario/Content/1aaa/Objects/Decor/mushroomBrown_Sprite.uasset" 311
"../../../../../Content_UE4/game_Ugario/Content/1aaa/Objects/Decor/mushroomRed_Sprite.uasset" 312
"../../../../../Content_UE4/game_Ugario/Content/1aaa/Objects/Decor/plant_Sprite.uasset" 313
"../../../../../Content_UE4/game_Ugario/Content/1aaa/Objects/Decor/rock_Sprite.uasset" 314
"../../../../../Content_UE4/game_Ugario/Content/1aaa/Platform/1_Grass/CT.uasset" 315
"../../../../../Content_UE4/game_Ugario/Content/1aaa/Platform/1_Grass/LT.uasset" 316
"../../../../../Content_UE4/game_Ugario/Content/1aaa/Platform/1_Grass/RT.uasset" 317
"../../../../../Content_UE4/game_Ugario/Content/1aaa/Maps/UgarioLevel.umap" 318
"../../../Engine/Content/Maps/Entry_BuiltData.uasset" 319
"../../../Engine/Content/Maps/Entry.umap" 320
